[17:23:16 - main] [Cooja.java:3172] [WARN] - JAVA_HOME environment variable not set, Cooja motes may not compile
[17:23:16 - main] [Cooja.java:2856] [INFO] - External tools default settings: /external_tools_linux_64.config
[17:23:16 - main] [Cooja.java:2886] [INFO] - External tools user settings: /home/user/.cooja.user.properties
[17:23:17 - main] [Simulation.java:422] [INFO] - Simulation random seed: -4710214144835901271
[17:23:17 - main] [MspMote.java:235] [INFO] - Loading firmware from: /home/user/Experiments/hello-flood-attack/without-malicious/motes/root.z1
[17:23:18 - main] [MspMote.java:235] [INFO] - Loading firmware from: /home/user/Experiments/hello-flood-attack/without-malicious/motes/sensor.z1
[17:23:18 - main] [MspMote.java:235] [INFO] - Loading firmware from: /home/user/Experiments/hello-flood-attack/without-malicious/motes/sensor.z1
[17:23:18 - main] [MspMote.java:235] [INFO] - Loading firmware from: /home/user/Experiments/hello-flood-attack/without-malicious/motes/sensor.z1
[17:23:18 - main] [MspMote.java:235] [INFO] - Loading firmware from: /home/user/Experiments/hello-flood-attack/without-malicious/motes/sensor.z1
[17:23:18 - main] [MspMote.java:235] [INFO] - Loading firmware from: /home/user/Experiments/hello-flood-attack/without-malicious/motes/sensor.z1
[17:23:18 - main] [MspMote.java:235] [INFO] - Loading firmware from: /home/user/Experiments/hello-flood-attack/without-malicious/motes/sensor.z1
[17:23:18 - main] [MspMote.java:235] [INFO] - Loading firmware from: /home/user/Experiments/hello-flood-attack/without-malicious/motes/sensor.z1
[17:23:19 - main] [MspMote.java:235] [INFO] - Loading firmware from: /home/user/Experiments/hello-flood-attack/without-malicious/motes/sensor.z1
[17:23:19 - main] [MspMote.java:235] [INFO] - Loading firmware from: /home/user/Experiments/hello-flood-attack/without-malicious/motes/sensor.z1
[17:23:19 - main] [MspMote.java:235] [INFO] - Loading firmware from: /home/user/Experiments/hello-flood-attack/without-malicious/motes/sensor.z1
[17:23:19 - main] [ScriptRunner.java:430] [INFO] - Test script deactivated
[17:23:20 - main] [LogScriptEngine.java:265] [INFO] - Script timeout in 120000 ms
[17:23:21 - main] [ScriptRunner.java:387] [INFO] - Test script activated
[17:23:21 - main] [Visualizer.java:256] [INFO] - Registered external visualizer: org.contikios.cooja.plugins.skins.DGRMVisualizerSkin
[17:23:21 - main] [VisualizerScreenshot.java:79] [INFO] - Starting visualizer screenshot
[17:23:22 - main] [PcapExporter.java:36] [INFO] - Opened pcap file /home/user/Experiments/hello-flood-attack/without-malicious/data/output.pcap
[17:23:22 - main] [TimeLine.java:567] [INFO] - Zoom level: 500.0 microseconds/pixel 
[17:23:22 - Thread-3] [Simulation.java:253] [INFO] - Simulation main loop started, system time: 1541780602817
[17:23:33 - Thread-3] [LogScriptEngine.java:389] [INFO] - Test script at 5.00%, done in 241.2 sec
[17:23:38 - Thread-3] [LogScriptEngine.java:389] [INFO] - Test script at 10.00%, done in 155.2 sec
[17:23:41 - Thread-3] [LogScriptEngine.java:389] [INFO] - Test script at 15.00%, done in 111.9 sec
[17:23:43 - Thread-3] [LogScriptEngine.java:389] [INFO] - Test script at 20.00%, done in 87.5 sec
[17:23:46 - Thread-3] [LogScriptEngine.java:389] [INFO] - Test script at 25.00%, done in 76.2 sec
[17:23:47 - Thread-3] [LogScriptEngine.java:389] [INFO] - Test script at 30.00%, done in 61.5 sec
[17:23:48 - Thread-3] [LogScriptEngine.java:389] [INFO] - Test script at 35.00%, done in 50.0 sec
[17:23:48 - Thread-3] [LogScriptEngine.java:389] [INFO] - Test script at 40.00%, done in 40.9 sec
[17:23:49 - Thread-3] [LogScriptEngine.java:389] [INFO] - Test script at 45.00%, done in 34.7 sec
[17:23:50 - Thread-3] [LogScriptEngine.java:389] [INFO] - Test script at 50.00%, done in 29.6 sec
[17:23:51 - Thread-3] [LogScriptEngine.java:389] [INFO] - Test script at 55.00%, done in 25.1 sec
[17:23:52 - Thread-3] [LogScriptEngine.java:389] [INFO] - Test script at 60.00%, done in 20.7 sec
[17:23:52 - Thread-3] [LogScriptEngine.java:389] [INFO] - Test script at 65.00%, done in 16.9 sec
[17:23:53 - Thread-3] [LogScriptEngine.java:389] [INFO] - Test script at 70.00%, done in 13.7 sec
[17:23:53 - Thread-3] [LogScriptEngine.java:389] [INFO] - Test script at 75.00%, done in 10.9 sec
[17:23:54 - Thread-3] [LogScriptEngine.java:389] [INFO] - Test script at 80.00%, done in 8.2 sec
[17:23:55 - Thread-3] [LogScriptEngine.java:389] [INFO] - Test script at 85.00%, done in 6.0 sec
[17:23:55 - Thread-3] [LogScriptEngine.java:389] [INFO] - Test script at 90.00%, done in 3.8 sec
[17:23:56 - Thread-3] [LogScriptEngine.java:389] [INFO] - Test script at 95.00%, done in 1.9 sec
[17:23:57 - Thread-3] [LogScriptEngine.java:375] [INFO] - Timeout event @ 120000000
[17:23:57 - Thread-3] [Simulation.java:312] [INFO] - Simulation main loop stopped, system time: 1541780637646	Duration: 34829 ms	Simulated time 120079 ms	Ratio 3.4476729162479542
[17:23:57 - Thread-2] [LogScriptEngine.java:309] [INFO] - Test script finished
