4486898	ID:9	#L 0 1
4500302	ID:7	#L 0 1
4505039	ID:1	#L 0 1
4521990	ID:8	#L 0 1
4535324	ID:2	#L 0 1
4586930	ID:3	#L 0 1
6821187	ID:6	#L 2 1
7045794	ID:0	#L 1 1;blue
7245235	ID:10	#L 9 1
7420798	ID:0	#L 7 1;blue
7669850	ID:0	#L 3 1;blue
8046482	ID:0	#L 8 1;blue
8078603	ID:5	#L 1 1
9037104	ID:0	#L 9 1;blue
9287863	ID:0	#L 2 1;blue
10721590	ID:9	#L 10 1;blue
11162904	ID:0	#L 9 1;blue
11618050	ID:1	#L 5 1;blue
11662652	ID:0	#L 1 1;blue
12642290	ID:2	#L 6 1;blue
12787777	ID:0	#L 2 1;blue
12892893	ID:8	#L 0 1
12908513	ID:2	#L 0 1
12960491	ID:3	#L 0 1
12987525	ID:9	#L 0 1
12997848	ID:7	#L 0 1
13004785	ID:1	#L 0 1
13569000	ID:6	#L 2 1
13949329	ID:5	#L 1 1
15743334	ID:10	#L 9 1
23361583	ID:9	#L 0 1
23375439	ID:7	#L 0 1
23380474	ID:1	#L 0 1
23401089	ID:8	#L 0 1
23410690	ID:2	#L 0 1
23463506	ID:3	#L 0 1
29567261	ID:6	#L 2 1
29619143	ID:10	#L 9 1
33070860	ID:5	#L 1 1
51618571	ID:10	#L 9 1
53574328	ID:5	#L 1 1
58319849	ID:6	#L 2 1
58860708	ID:9	#L 0 1
58874496	ID:7	#L 0 1
58879694	ID:1	#L 0 1
58898433	ID:8	#L 0 1
58909870	ID:2	#L 0 1
58961283	ID:3	#L 0 1
109317559	ID:6	#L 2 1
113199837	ID:5	#L 1 1
117897520	ID:8	#L 0 1
117909120	ID:2	#L 0 1
117960380	ID:3	#L 0 1
117985468	ID:9	#L 0 1
117999383	ID:7	#L 0 1
118011199	ID:1	#L 0 1
