4529991	ID:11	#L 0 1
4539007	ID:7	#L 0 1
4543252	ID:1	#L 0 1
4573200	ID:8	#L 0 1
4598874	ID:9	#L 0 1
4615797	ID:3	#L 0 1
4616179	ID:2	#L 0 1
7200386	ID:0	#L 1 1;blue
7328490	ID:0	#L 8 1;blue
7400209	ID:10	#L 9 1
7579821	ID:0	#L 3 1;blue
8220214	ID:5	#L 1 1
9205839	ID:0	#L 11 1;blue
9457329	ID:0	#L 2 1;blue
9699152	ID:0	#L 7 1;blue
10045177	ID:1	#L 0 1
10076299	ID:8	#L 0 1
10099357	ID:9	#L 0 1
10111763	ID:2	#L 0 1
10113370	ID:3	#L 0 1
10160627	ID:11	#L 0 1
10163339	ID:7	#L 0 1
12392054	ID:10	#L 9 1
12963209	ID:5	#L 1 1
15196803	ID:0	#L 9 1;blue
15486517	ID:6	#L 2 1
18043547	ID:10	#L 9 0
18044082	ID:10	#L 8 1
18463456	ID:5	#L 1 1
19159518	ID:1	#L 5 1;blue
19444409	ID:0	#L 1 1;blue
20237750	ID:2	#L 0 1
20239080	ID:3	#L 0 1
20286228	ID:11	#L 0 1
20292903	ID:7	#L 0 1
20294257	ID:1	#L 0 1
20323258	ID:8	#L 0 1
20348825	ID:9	#L 0 1
20479406	ID:9	#L 0 1
20485151	ID:2	#L 0 1
20490651	ID:3	#L 0 1
20540000	ID:7	#L 0 1
20545687	ID:1	#L 0 1
20570456	ID:8	#L 0 1
20609209	ID:11	#L 0 1
21480936	ID:2	#L 6 1;blue
28581820	ID:2	#L 0 0
28582360	ID:2	#L 1 1
31227571	ID:6	#L 2 1
31601671	ID:9	#L 0 1
31615753	ID:3	#L 0 1
31662810	ID:11	#L 0 1
31663605	ID:7	#L 0 1
31666537	ID:1	#L 0 1
31699871	ID:8	#L 0 1
31894490	ID:10	#L 8 1
35189322	ID:8	#L 10 1;blue
35322103	ID:0	#L 8 1;blue
37402329	ID:1	#L 2 1;blue
37476575	ID:9	#L 0 1
37488157	ID:3	#L 0 1
37540294	ID:7	#L 0 1
37541478	ID:1	#L 0 1
37572453	ID:8	#L 0 1
37596863	ID:11	#L 0 1
37645491	ID:10	#L 8 1
37944650	ID:0	#L 1 1;blue
38361210	ID:2	#L 1 1
38463215	ID:5	#L 1 1
40487735	ID:3	#L 0 1
40540048	ID:7	#L 0 1
40541058	ID:1	#L 0 1
40574260	ID:8	#L 0 1
40597223	ID:11	#L 0 1
40599507	ID:9	#L 0 1
43581941	ID:2	#L 1 0
43582481	ID:2	#L 0 1
44646327	ID:10	#L 8 1
44786784	ID:11	#L 0 1
44787941	ID:7	#L 0 1
44793432	ID:1	#L 0 1
44826579	ID:8	#L 0 1
44851904	ID:9	#L 0 1
44859993	ID:2	#L 0 1
44869176	ID:3	#L 0 1
51269561	ID:10	#L 8 1
53270656	ID:10	#L 8 1
54351745	ID:9	#L 0 1
54360205	ID:2	#L 0 1
54365629	ID:3	#L 0 1
54412789	ID:11	#L 0 1
54413446	ID:7	#L 0 1
54420727	ID:1	#L 0 1
54452094	ID:8	#L 0 1
54487614	ID:2	#L 0 1
54488719	ID:3	#L 0 1
54540858	ID:7	#L 0 1
54543632	ID:1	#L 0 1
54575029	ID:8	#L 0 1
54600293	ID:9	#L 0 1
54609027	ID:11	#L 0 1
61397200	ID:10	#L 8 1
63538900	ID:7	#L 0 1
63545793	ID:1	#L 0 1
63577094	ID:8	#L 0 1
63602498	ID:9	#L 0 1
63610851	ID:2	#L 0 1
63616407	ID:3	#L 0 1
63623605	ID:11	#L 0 1
63666029	ID:7	#L 0 1
63668310	ID:11	#L 0 1
63668747	ID:1	#L 0 1
63700121	ID:8	#L 0 1
63725357	ID:9	#L 0 1
63738346	ID:2	#L 0 1
63739513	ID:3	#L 0 1
65576397	ID:8	#L 0 1
65601612	ID:9	#L 0 1
65610148	ID:2	#L 0 1
65611361	ID:3	#L 0 1
65662829	ID:11	#L 0 1
65663502	ID:7	#L 0 1
65670701	ID:1	#L 0 1
66462777	ID:5	#L 1 1
66643761	ID:10	#L 8 1
69644058	ID:10	#L 8 1
69788343	ID:11	#L 0 1
69789003	ID:7	#L 0 1
69796132	ID:1	#L 0 1
69823127	ID:8	#L 0 1
69852948	ID:9	#L 0 1
69861268	ID:2	#L 0 1
69869293	ID:3	#L 0 1
76211236	ID:5	#L 1 1
78239015	ID:2	#L 0 1
78240251	ID:3	#L 0 1
78289833	ID:11	#L 0 1
78290567	ID:7	#L 0 1
78293272	ID:1	#L 0 1
78324793	ID:8	#L 0 1
78349923	ID:9	#L 0 1
79162118	ID:11	#L 0 1
79162981	ID:7	#L 0 1
79170081	ID:1	#L 0 1
79207842	ID:8	#L 0 1
79226697	ID:9	#L 0 1
79237100	ID:2	#L 0 1
79242591	ID:3	#L 0 1
83575575	ID:8	#L 0 1
83600765	ID:9	#L 0 1
83615818	ID:2	#L 0 1
83617094	ID:3	#L 0 1
83663122	ID:7	#L 0 1
83666575	ID:11	#L 0 1
83670359	ID:1	#L 0 1
84647324	ID:10	#L 8 1
87990357	ID:10	#L 8 0
87990892	ID:10	#L 9 1
90458833	ID:9	#L 10 1;blue
92447840	ID:0	#L 9 1;blue
93662988	ID:11	#L 0 1
93663704	ID:7	#L 0 1
93670789	ID:1	#L 0 1
93702102	ID:8	#L 0 1
93727574	ID:9	#L 0 1
93737678	ID:2	#L 0 1
93743385	ID:3	#L 0 1
93785910	ID:11	#L 0 1
93791045	ID:7	#L 0 1
93793779	ID:1	#L 0 1
93825114	ID:8	#L 0 1
93850360	ID:9	#L 0 1
93865164	ID:2	#L 0 1
93872350	ID:3	#L 0 1
95270414	ID:10	#L 9 1
95393913	ID:10	#L 9 1
95586161	ID:5	#L 1 1
97270223	ID:10	#L 9 1
97412924	ID:11	#L 0 1
97414087	ID:7	#L 0 1
97420810	ID:1	#L 0 1
97448355	ID:8	#L 0 1
97473622	ID:9	#L 0 1
97487937	ID:2	#L 0 1
97493845	ID:3	#L 0 1
102239157	ID:2	#L 0 1
102240445	ID:3	#L 0 1
102289956	ID:11	#L 0 1
102290328	ID:7	#L 0 1
102293466	ID:1	#L 0 1
102324886	ID:8	#L 0 1
102350398	ID:9	#L 0 1
102396772	ID:10	#L 9 1
102839116	ID:5	#L 1 1
105099278	ID:9	#L 0 1
105113735	ID:2	#L 0 1
105126541	ID:3	#L 0 1
105165851	ID:7	#L 0 1
105167652	ID:11	#L 0 1
105168523	ID:1	#L 0 1
105208076	ID:8	#L 0 1
106586714	ID:5	#L 1 1
114421050	ID:1	#L 0 1
114452218	ID:8	#L 0 1
114479433	ID:9	#L 0 1
114487914	ID:2	#L 0 1
114493489	ID:3	#L 0 1
114539493	ID:7	#L 0 1
114597086	ID:11	#L 0 1
115643427	ID:10	#L 9 1
116587546	ID:5	#L 1 1
118410889	ID:11	#L 0 1
118416390	ID:7	#L 0 1
118418747	ID:1	#L 0 1
118450191	ID:8	#L 0 1
118477546	ID:9	#L 0 1
118490097	ID:2	#L 0 1
118491808	ID:3	#L 0 1
