868563	ID:1	Rime started with address 193.12.0.0.0.0.0.1
875833	ID:1	MAC c1:0c:00:00:00:00:00:01 Contiki 3.x started. Node id is set to 1.
881418	ID:1	nullsec CSMA ContikiMAC, channel check rate 8 Hz, radio channel 26
889255	ID:1	Tentative link-local IPv6 address fe80:0000:0000:0000:c30c:0000:0000:0001
891113	ID:1	Starting 'Sensor process'
892530	ID:1	Starting UDP server
894447	ID:1	Listen port: 3000, TTL=64
918687	ID:5	Rime started with address 193.12.0.0.0.0.0.5
925957	ID:5	MAC c1:0c:00:00:00:00:00:05 Contiki 3.x started. Node id is set to 5.
931542	ID:5	nullsec CSMA ContikiMAC, channel check rate 8 Hz, radio channel 26
939379	ID:5	Tentative link-local IPv6 address fe80:0000:0000:0000:c30c:0000:0000:0005
941237	ID:5	Starting 'Sensor process'
942654	ID:5	Starting UDP server
944571	ID:5	Listen port: 3000, TTL=64
973567	ID:10	Rime started with address 193.12.0.0.0.0.0.10
980961	ID:10	MAC c1:0c:00:00:00:00:00:0a Contiki 3.x started. Node id is set to 10.
986571	ID:10	nullsec CSMA ContikiMAC, channel check rate 8 Hz, radio channel 26
994379	ID:10	Tentative link-local IPv6 address fe80:0000:0000:0000:c30c:0000:0000:000a
996237	ID:10	Starting 'Sensor process'
997655	ID:10	Starting UDP server
999571	ID:10	Listen port: 3000, TTL=64
1040217	ID:4	Rime started with address 193.12.0.0.0.0.0.4
1047487	ID:4	MAC c1:0c:00:00:00:00:00:04 Contiki 3.x started. Node id is set to 4.
1053072	ID:4	nullsec CSMA ContikiMAC, channel check rate 8 Hz, radio channel 26
1060909	ID:4	Tentative link-local IPv6 address fe80:0000:0000:0000:c30c:0000:0000:0004
1062767	ID:4	Starting 'Sensor process'
1064184	ID:4	Starting UDP server
1066101	ID:4	Listen port: 3000, TTL=64
1148184	ID:8	Rime started with address 193.12.0.0.0.0.0.8
1155454	ID:8	MAC c1:0c:00:00:00:00:00:08 Contiki 3.x started. Node id is set to 8.
1161039	ID:8	nullsec CSMA ContikiMAC, channel check rate 8 Hz, radio channel 26
1162676	ID:0	Rime started with address 193.12.0.0.0.0.0.0
1168876	ID:8	Tentative link-local IPv6 address fe80:0000:0000:0000:c30c:0000:0000:0008
1169559	ID:0	MAC c1:0c:00:00:00:00:00:00 Contiki 3.x started. Node id not set
1170734	ID:8	Starting 'Sensor process'
1172151	ID:8	Starting UDP server
1174068	ID:8	Listen port: 3000, TTL=64
1175150	ID:0	nullsec CSMA ContikiMAC, channel check rate 8 Hz, radio channel 26
1182996	ID:0	Tentative link-local IPv6 address fe80:0000:0000:0000:c30c:0000:0000:0000
1185139	ID:0	Starting 'DODAG root process'
1186557	ID:0	Starting UDP server
1188320	ID:0	Server IPv6 addresses:
1190181	ID:0	  aaaa::c30c:0:0:0
1192010	ID:0	  fe80::c30c:0:0:0
1196662	ID:0	Created a new RPL dag with ID: aaaa::c30c:0:0:0
1198592	ID:0	Listen port: 3000, TTL=64
1237354	ID:7	Rime started with address 193.12.0.0.0.0.0.7
1244624	ID:7	MAC c1:0c:00:00:00:00:00:07 Contiki 3.x started. Node id is set to 7.
1250209	ID:7	nullsec CSMA ContikiMAC, channel check rate 8 Hz, radio channel 26
1258046	ID:7	Tentative link-local IPv6 address fe80:0000:0000:0000:c30c:0000:0000:0007
1259904	ID:7	Starting 'Sensor process'
1261321	ID:7	Starting UDP server
1263238	ID:7	Listen port: 3000, TTL=64
1310169	ID:6	Rime started with address 193.12.0.0.0.0.0.6
1317439	ID:6	MAC c1:0c:00:00:00:00:00:06 Contiki 3.x started. Node id is set to 6.
1323024	ID:6	nullsec CSMA ContikiMAC, channel check rate 8 Hz, radio channel 26
1330861	ID:6	Tentative link-local IPv6 address fe80:0000:0000:0000:c30c:0000:0000:0006
1332719	ID:6	Starting 'Sensor process'
1334136	ID:6	Starting UDP server
1336053	ID:6	Listen port: 3000, TTL=64
1425325	ID:9	Rime started with address 193.12.0.0.0.0.0.9
1432595	ID:9	MAC c1:0c:00:00:00:00:00:09 Contiki 3.x started. Node id is set to 9.
1438180	ID:9	nullsec CSMA ContikiMAC, channel check rate 8 Hz, radio channel 26
1446017	ID:9	Tentative link-local IPv6 address fe80:0000:0000:0000:c30c:0000:0000:0009
1447875	ID:9	Starting 'Sensor process'
1449292	ID:9	Starting UDP server
1451209	ID:9	Listen port: 3000, TTL=64
1481789	ID:11	Rime started with address 193.12.0.0.0.0.0.11
1489183	ID:11	MAC c1:0c:00:00:00:00:00:0b Contiki 3.x started. Node id is set to 11.
1494793	ID:11	nullsec CSMA ContikiMAC, channel check rate 8 Hz, radio channel 26
1502602	ID:11	Tentative link-local IPv6 address fe80:0000:0000:0000:c30c:0000:0000:000b
1505171	ID:11	Starting 'Malicious sensor process'
1507440	ID:11	Starting UDP server (malicious)
1509784	ID:11	Malicious sensor IPv6 addresses:
1511614	ID:11	  fe80::c30c:0:0:b
1514896	ID:11	Malicious sensor listening on UDP port 3000
1565107	ID:2	Rime started with address 193.12.0.0.0.0.0.2
1572377	ID:2	MAC c1:0c:00:00:00:00:00:02 Contiki 3.x started. Node id is set to 2.
1577962	ID:2	nullsec CSMA ContikiMAC, channel check rate 8 Hz, radio channel 26
1585799	ID:2	Tentative link-local IPv6 address fe80:0000:0000:0000:c30c:0000:0000:0002
1587657	ID:2	Starting 'Sensor process'
1589074	ID:2	Starting UDP server
1590991	ID:2	Listen port: 3000, TTL=64
1816825	ID:3	Rime started with address 193.12.0.0.0.0.0.3
1824095	ID:3	MAC c1:0c:00:00:00:00:00:03 Contiki 3.x started. Node id is set to 3.
1829680	ID:3	nullsec CSMA ContikiMAC, channel check rate 8 Hz, radio channel 26
1837517	ID:3	Tentative link-local IPv6 address fe80:0000:0000:0000:c30c:0000:0000:0003
1839375	ID:3	Starting 'Sensor process'
1840792	ID:3	Starting UDP server
1842709	ID:3	Listen port: 3000, TTL=64
