4611134	ID:2	#L 0 1
4623701	ID:7	#L 0 1
4628434	ID:3	#L 0 1
4649731	ID:1	#L 0 1
4663092	ID:11	#L 0 1
4671048	ID:9	#L 0 1
4710000	ID:8	#L 0 1
6782696	ID:6	#L 2 1
7306392	ID:0	#L 11 1;blue
7433228	ID:0	#L 7 1;blue
7557260	ID:0	#L 8 1;blue
7808791	ID:0	#L 3 1;blue
8385743	ID:5	#L 1 1
8957712	ID:10	#L 8 1
9311924	ID:0	#L 9 1;blue
9424679	ID:0	#L 2 1;blue
10546335	ID:0	#L 1 1;blue
11826660	ID:8	#L 10 1;blue
11889280	ID:1	#L 0 0
11908206	ID:1	#L 11 1
12508447	ID:1	#L 5 1;blue
13904128	ID:11	#L 1 1;blue
15127000	ID:5	#L 1 0
15142866	ID:5	#L 1 1
16081159	ID:10	#L 8 1
16601693	ID:2	#L 0 0
16614584	ID:7	#L 0 0
16619071	ID:3	#L 0 0
16620579	ID:2	#L 0 1
16633225	ID:7	#L 0 1
16636995	ID:3	#L 0 1
16646775	ID:1	#L 11 0
16647315	ID:1	#L 0 1
16660623	ID:1	#L 0 1
16661999	ID:9	#L 0 0
16680101	ID:9	#L 0 1
16700957	ID:8	#L 0 0
16718024	ID:8	#L 0 1
18114837	ID:7	#L 0 0
18133968	ID:7	#L 11 1
18136504	ID:1	#L 0 0
18154691	ID:1	#L 11 1
18162327	ID:9	#L 0 0
18181430	ID:9	#L 11 1
18201311	ID:8	#L 0 0
18220393	ID:8	#L 11 1
19475466	ID:2	#L 0 0
19492977	ID:2	#L 1 1
20781174	ID:11	#L 0 1
20785604	ID:9	#L 11 0
20802488	ID:9	#L 0 1
20828932	ID:8	#L 11 0
20846376	ID:8	#L 0 1
20850225	ID:2	#L 1 0
20863538	ID:7	#L 11 0
20867921	ID:2	#L 0 1
20872104	ID:3	#L 0 0
20882533	ID:7	#L 0 1
20889686	ID:1	#L 11 0
20889906	ID:3	#L 0 1
20907074	ID:1	#L 0 1
28519906	ID:1	#L 0 1
28540936	ID:9	#L 0 1
28581832	ID:8	#L 0 1
28607282	ID:2	#L 0 1
28618500	ID:7	#L 0 1
28624672	ID:3	#L 0 1
28674468	ID:10	#L 8 0
28675003	ID:10	#L 9 1
30675117	ID:0	#L 11 1;blue
31075861	ID:8	#L 0 0
31093988	ID:8	#L 11 1
31114957	ID:7	#L 0 0
31133272	ID:7	#L 11 1
31140997	ID:1	#L 0 0
31159136	ID:1	#L 11 1
31162480	ID:9	#L 0 0
31180485	ID:9	#L 11 1
33750493	ID:5	#L 1 0
33766365	ID:5	#L 1 1
35028156	ID:11	#L 9 1;blue
36423150	ID:0	#L 9 0
36424783	ID:0	#L 11 1;blue
36779558	ID:11	#L 8 1;blue
36924487	ID:0	#L 8 0
36926070	ID:0	#L 11 1;blue
37155115	ID:11	#L 7 1;blue
37296646	ID:0	#L 7 0
37298206	ID:0	#L 11 1;blue
37328998	ID:8	#L 11 0
37347322	ID:8	#L 11 1
37363732	ID:7	#L 11 0
37382008	ID:7	#L 11 1
37389758	ID:1	#L 11 0
37407974	ID:1	#L 11 1
37411396	ID:9	#L 11 0
37429573	ID:9	#L 11 1
39332565	ID:8	#L 11 0
39333105	ID:8	#L 0 1
39346449	ID:8	#L 0 1
39353396	ID:2	#L 0 0
39368350	ID:7	#L 11 0
39368885	ID:7	#L 0 1
39370631	ID:3	#L 0 0
39371300	ID:2	#L 0 1
39382238	ID:7	#L 0 1
39388549	ID:3	#L 0 1
39394318	ID:1	#L 11 0
39394858	ID:1	#L 0 1
39408004	ID:1	#L 0 1
39414945	ID:9	#L 11 0
39415479	ID:9	#L 0 1
39428831	ID:9	#L 0 1
41925720	ID:0	#L 8 1;blue
43856917	ID:2	#L 0 1
43869103	ID:7	#L 0 1
43876458	ID:3	#L 0 1
43895079	ID:1	#L 0 1
43916016	ID:9	#L 0 1
43955083	ID:8	#L 0 1
44139832	ID:1	#L 0 0
44157837	ID:1	#L 11 1
44161453	ID:9	#L 0 0
44179634	ID:9	#L 11 1
44200388	ID:8	#L 0 0
44218604	ID:8	#L 11 1
44239477	ID:7	#L 0 0
44257792	ID:7	#L 11 1
46503888	ID:5	#L 1 0
46519755	ID:5	#L 1 1
46603931	ID:2	#L 0 0
46620726	ID:2	#L 1 1
47081395	ID:8	#L 11 0
47098462	ID:8	#L 0 1
47101143	ID:2	#L 1 0
47114595	ID:7	#L 11 0
47118640	ID:3	#L 0 0
47118942	ID:2	#L 0 1
47132140	ID:7	#L 0 1
47136529	ID:3	#L 0 1
47140594	ID:1	#L 11 0
47157954	ID:1	#L 0 1
47162171	ID:9	#L 11 0
47179197	ID:9	#L 0 1
49826461	ID:10	#L 9 0
49843254	ID:10	#L 8 1
53047728	ID:0	#L 1 1;blue
53326689	ID:10	#L 8 1
55272571	ID:6	#L 2 0
55288453	ID:6	#L 2 1
56175836	ID:0	#L 8 1;blue
56245780	ID:7	#L 0 1
56254754	ID:3	#L 0 1
56273407	ID:1	#L 0 1
56294329	ID:9	#L 0 1
56337766	ID:8	#L 0 1
56355089	ID:2	#L 0 1
56536572	ID:9	#L 0 0
56554954	ID:9	#L 11 1
56575591	ID:8	#L 0 0
56593737	ID:8	#L 11 1
56614690	ID:7	#L 0 0
56633056	ID:7	#L 11 1
56640818	ID:1	#L 0 0
56658962	ID:1	#L 11 1
59244807	ID:3	#L 0 0
59264173	ID:3	#L 8 1
59326868	ID:10	#L 8 0
59343627	ID:10	#L 8 1
59645210	ID:11	#L 1 1;blue
62469768	ID:2	#L 6 1;blue
62548277	ID:0	#L 2 1;blue
62600206	ID:2	#L 0 0
62619609	ID:2	#L 3 1
62647933	ID:6	#L 2 0
63771038	ID:11	#L 8 1;blue
64572343	ID:8	#L 3 1;blue
65022617	ID:11	#L 8 1;blue
65125360	ID:5	#L 1 0
65141217	ID:5	#L 1 1
65232149	ID:2	#L 3 0
65232689	ID:2	#L 1 1
65245990	ID:2	#L 1 1
66703166	ID:2	#L 1 0
66703706	ID:2	#L 3 1
67300436	ID:0	#L 11 1;blue
67321370	ID:0	#L 8 0
67323000	ID:0	#L 11 1;blue
67361733	ID:3	#L 2 1;blue
67445111	ID:8	#L 3 1;blue
67520908	ID:11	#L 8 1;blue
68953744	ID:10	#L 8 1
69015665	ID:1	#L 11 0
69033096	ID:1	#L 0 1
69033260	ID:9	#L 11 0
69050109	ID:9	#L 0 1
69076373	ID:8	#L 11 0
69093432	ID:8	#L 0 1
69102479	ID:2	#L 3 0
69111106	ID:7	#L 11 0
69119691	ID:3	#L 8 0
69120197	ID:2	#L 0 1
69128483	ID:7	#L 0 1
69137665	ID:3	#L 0 1
71753559	ID:5	#L 1 0
71769469	ID:5	#L 1 1
72447683	ID:10	#L 8 0
72463868	ID:10	#L 9 1
73802347	ID:0	#L 8 1;blue
77144244	ID:1	#L 0 1
77165136	ID:9	#L 0 1
77209884	ID:8	#L 0 1
77235152	ID:2	#L 0 1
77243256	ID:7	#L 0 1
77250422	ID:3	#L 0 1
77303756	ID:0	#L 9 1;blue
77527304	ID:9	#L 10 1;blue
77677557	ID:0	#L 9 1;blue
77755443	ID:3	#L 0 0
77755983	ID:3	#L 8 1
77769439	ID:3	#L 8 1
77828959	ID:10	#L 9 0
77829494	ID:10	#L 8 1
77843250	ID:10	#L 8 1
79913564	ID:6	#L 3 1
79914873	ID:6	#L 3 1
80659406	ID:9	#L 0 0
80677359	ID:9	#L 11 1
80702782	ID:8	#L 0 0
80721343	ID:8	#L 11 1
80737665	ID:7	#L 0 0
80755805	ID:7	#L 11 1
80763450	ID:1	#L 0 0
80781579	ID:1	#L 11 1
83674603	ID:10	#L 8 0
83675138	ID:10	#L 9 1
84200672	ID:10	#L 9 0
84216871	ID:10	#L 9 1
85050075	ID:0	#L 3 0
85051731	ID:0	#L 11 1;blue
85426279	ID:0	#L 11 1;blue
85488463	ID:3	#L 6 1;blue
85571810	ID:8	#L 3 1;blue
86394742	ID:11	#L 8 1;blue
86798020	ID:0	#L 8 0
86799615	ID:0	#L 11 1;blue
86924067	ID:0	#L 11 1;blue
87140364	ID:1	#L 11 0
87158579	ID:1	#L 11 1
87161936	ID:9	#L 11 0
87180038	ID:9	#L 11 1
87201124	ID:8	#L 11 0
87219650	ID:8	#L 11 1
87239997	ID:7	#L 11 0
87258136	ID:7	#L 11 1
89027796	ID:6	#L 3 1
91602883	ID:2	#L 0 0
91619538	ID:2	#L 1 1
91628559	ID:5	#L 1 0
91644469	ID:5	#L 1 1
91950152	ID:10	#L 9 0
91966850	ID:10	#L 8 1
93944329	ID:0	#L 11 1;blue
93995565	ID:3	#L 8 0
93999509	ID:7	#L 11 0
94000044	ID:7	#L 0 1
94013281	ID:3	#L 0 1
94013961	ID:7	#L 0 1
94043013	ID:9	#L 11 0
94043553	ID:9	#L 0 1
94057557	ID:9	#L 0 1
94082923	ID:8	#L 11 0
94083474	ID:8	#L 0 1
94097514	ID:8	#L 0 1
95801825	ID:0	#L 9 0
95803628	ID:0	#L 8 1;blue
96328002	ID:10	#L 8 1
96880101	ID:1	#L 2 1;blue
97023840	ID:11	#L 1 1;blue
97423568	ID:0	#L 2 0
97425127	ID:0	#L 11 1;blue
97926664	ID:0	#L 7 1;blue
99675929	ID:0	#L 9 1;blue
99911576	ID:9	#L 0 0
99929899	ID:9	#L 11 1
99950674	ID:8	#L 0 0
99969162	ID:8	#L 11 1
100927232	ID:0	#L 3 1;blue
101299578	ID:0	#L 8 0
101301210	ID:0	#L 11 1;blue
101351664	ID:2	#L 1 0
101364989	ID:7	#L 0 0
101369134	ID:3	#L 0 0
101369221	ID:2	#L 0 1
101382522	ID:7	#L 0 1
101386858	ID:3	#L 0 1
101391031	ID:1	#L 11 0
101408509	ID:1	#L 0 1
104050050	ID:0	#L 8 1;blue
105300377	ID:0	#L 1 1;blue
105502624	ID:5	#L 1 0
105518478	ID:5	#L 1 1
106800328	ID:0	#L 9 0
106802014	ID:0	#L 11 1;blue
106925178	ID:0	#L 8 0
106926813	ID:0	#L 11 1;blue
107549538	ID:0	#L 2 1;blue
108608368	ID:2	#L 0 1
108614746	ID:7	#L 0 1
108623952	ID:3	#L 0 1
108640884	ID:1	#L 0 1
109448341	ID:10	#L 8 0
109464869	ID:10	#L 8 1
111649697	ID:6	#L 3 0
111666483	ID:6	#L 3 1
112534414	ID:9	#L 11 0
112552645	ID:9	#L 11 1
112578034	ID:8	#L 11 0
112596672	ID:8	#L 11 1
112612420	ID:7	#L 0 0
112630620	ID:7	#L 11 1
113550139	ID:0	#L 7 0
113551750	ID:0	#L 11 1;blue
114128362	ID:5	#L 1 1
115995219	ID:3	#L 0 0
116013675	ID:3	#L 8 1
116073056	ID:10	#L 8 0
116089448	ID:10	#L 8 1
116412314	ID:9	#L 11 0
116430537	ID:9	#L 11 1
119146440	ID:6	#L 3 0
119163231	ID:6	#L 3 1
119329485	ID:8	#L 11 0
119349417	ID:8	#L 9 1
