4733814	ID:9	#L 0 1
4743117	ID:1	#L 0 1
4747474	ID:7	#L 0 1
4794738	ID:11	#L 0 1
4816121	ID:2	#L 0 1
4842381	ID:8	#L 0 1
4842781	ID:3	#L 0 1
7103372	ID:6	#L 2 1
7307158	ID:0	#L 1 1;blue
7432347	ID:0	#L 11 1;blue
7628662	ID:10	#L 9 1
7683026	ID:0	#L 8 1;blue
7934784	ID:0	#L 3 1;blue
8363022	ID:5	#L 1 1
8558235	ID:0	#L 7 1;blue
9423207	ID:0	#L 9 1;blue
9672055	ID:0	#L 2 1;blue
11471480	ID:9	#L 10 1;blue
11548867	ID:0	#L 9 1;blue
11982917	ID:1	#L 5 1;blue
12048949	ID:0	#L 1 1;blue
12305476	ID:2	#L 6 1;blue
13615036	ID:9	#L 0 1
13622874	ID:1	#L 0 1
13623225	ID:7	#L 0 1
13670188	ID:11	#L 0 1
13690129	ID:2	#L 0 1
13712458	ID:3	#L 0 1
13717329	ID:8	#L 0 1
13852113	ID:6	#L 2 1
14048764	ID:0	#L 2 1;blue
16625447	ID:10	#L 9 1
16733999	ID:5	#L 1 1
25470678	ID:10	#L 9 0
25471213	ID:10	#L 8 1
28244666	ID:1	#L 0 1
28251395	ID:7	#L 0 1
28293938	ID:11	#L 0 1
28312729	ID:2	#L 0 1
28346204	ID:8	#L 0 1
28346565	ID:3	#L 0 1
28364543	ID:9	#L 0 1
29700847	ID:8	#L 10 1;blue
29800507	ID:0	#L 8 1;blue
31622992	ID:10	#L 8 1
39071595	ID:6	#L 2 0
39072130	ID:6	#L 3 1
44822996	ID:3	#L 6 1;blue
44926959	ID:0	#L 3 1;blue
48067876	ID:8	#L 0 0
48068528	ID:8	#L 11 1
53525767	ID:11	#L 8 1;blue
53924677	ID:0	#L 11 1;blue
54250183	ID:10	#L 8 1
57749187	ID:10	#L 8 1
58029385	ID:11	#L 8 1;blue
58171819	ID:0	#L 8 0
58173459	ID:0	#L 11 1;blue
58245041	ID:1	#L 0 1
58247911	ID:9	#L 0 1
58251537	ID:7	#L 0 1
58296271	ID:11	#L 0 1
58316879	ID:2	#L 0 1
58344525	ID:3	#L 0 1
61598375	ID:8	#L 11 1
61974371	ID:6	#L 3 0
61974906	ID:6	#L 2 1
62107554	ID:5	#L 1 1
64599421	ID:6	#L 2 0
64599956	ID:6	#L 3 1
65035121	ID:2	#L 0 0
65035662	ID:2	#L 1 1
67248327	ID:5	#L 1 0
67614169	ID:10	#L 8 0
67614704	ID:10	#L 9 1
68348325	ID:5	#L 1 1
69094163	ID:7	#L 0 0
69094811	ID:7	#L 11 1
72034807	ID:2	#L 1 0
72035347	ID:2	#L 0 1
75171943	ID:0	#L 9 1;blue
82229546	ID:5	#L 1 0
97465527	ID:7	#L 11 0
97466061	ID:7	#L 0 1
98468285	ID:10	#L 9 0
98468820	ID:10	#L 8 1
99026988	ID:2	#L 6 0
102298387	ID:0	#L 11 1;blue
102478380	ID:6	#L 3 1
107749924	ID:10	#L 8 1
