4381377	ID:2	#L 0 1
4407249	ID:9	#L 0 1
4425259	ID:3	#L 0 1
4450972	ID:8	#L 0 1
4451330	ID:7	#L 0 1
6569789	ID:6	#L 2 1
6630664	ID:1	#L 2 1
7167513	ID:10	#L 9 1
7428667	ID:0	#L 3 1;blue
7678853	ID:0	#L 7 1;blue
7928239	ID:0	#L 8 1;blue
9045681	ID:0	#L 9 1;blue
9166854	ID:0	#L 2 1;blue
9743274	ID:2	#L 1 1;blue
9793915	ID:0	#L 2 1;blue
10015811	ID:9	#L 10 1;blue
10797370	ID:0	#L 9 1;blue
12368158	ID:2	#L 6 1;blue
12418926	ID:0	#L 2 1;blue
12633786	ID:2	#L 0 1
12658346	ID:9	#L 0 1
12676639	ID:3	#L 0 1
12700467	ID:7	#L 0 1
12701989	ID:8	#L 0 1
15001698	ID:1	#L 2 1
15067662	ID:6	#L 2 1
18635041	ID:5	#L 1 1
22236924	ID:1	#L 5 1;blue
22368144	ID:2	#L 1 1;blue
22418934	ID:0	#L 2 1;blue
25164197	ID:10	#L 9 1
26066907	ID:6	#L 2 1
26128937	ID:1	#L 2 1
29501541	ID:5	#L 1 1
52285916	ID:1	#L 2 0
52286456	ID:1	#L 0 1
53800771	ID:3	#L 0 1
53826940	ID:7	#L 0 1
53828434	ID:8	#L 0 1
53878855	ID:1	#L 0 1
53886021	ID:2	#L 0 1
53907663	ID:9	#L 0 1
55795534	ID:0	#L 1 1;blue
56128250	ID:5	#L 1 1
58066035	ID:6	#L 2 1
59918999	ID:0	#L 1 1;blue
62290840	ID:10	#L 9 1
63253635	ID:5	#L 1 1
73376924	ID:5	#L 1 1
109067145	ID:6	#L 2 1
