4965341	ID:3	#L 0 1
4965418	ID:7	#L 0 1
4978357	ID:2	#L 0 1
5047747	ID:1	#L 0 1
5077224	ID:9	#L 0 1
5086334	ID:8	#L 0 1
7153158	ID:6	#L 2 1
7659890	ID:0	#L 1 1;blue
7788748	ID:0	#L 7 1;blue
7912794	ID:10	#L 9 1
8040333	ID:0	#L 3 1;blue
8788481	ID:0	#L 8 1;blue
9655627	ID:0	#L 9 1;blue
12061210	ID:9	#L 10 1;blue
13336426	ID:2	#L 6 1;blue
13904223	ID:0	#L 2 1;blue
14023563	ID:6	#L 2 1
14154141	ID:0	#L 9 1;blue
14609395	ID:5	#L 1 1
18153865	ID:1	#L 5 1;blue
18278348	ID:0	#L 1 1;blue
27380409	ID:10	#L 9 0
27380944	ID:10	#L 8 1
27746149	ID:6	#L 2 0
27746684	ID:6	#L 3 1
27791974	ID:6	#L 3 1
30819725	ID:8	#L 10 1;blue
30906908	ID:0	#L 8 1;blue
33071802	ID:3	#L 6 1;blue
33154620	ID:0	#L 2 0
33156083	ID:0	#L 3 1;blue
57213256	ID:8	#L 0 1
57214584	ID:7	#L 0 1
57216224	ID:3	#L 0 1
57229180	ID:2	#L 0 1
57298433	ID:1	#L 0 1
57325300	ID:9	#L 0 1
60778384	ID:0	#L 2 1;blue
63351799	ID:5	#L 1 1
86540925	ID:9	#L 10 0
87189354	ID:2	#L 6 0
104046261	ID:1	#L 0 1
104075165	ID:9	#L 0 1
104086764	ID:8	#L 0 1
104089480	ID:3	#L 0 1
104089555	ID:7	#L 0 1
104102440	ID:2	#L 0 1
111198579	ID:2	#L 0 0
111199114	ID:2	#L 3 1
114684974	ID:7	#L 0 0
114685509	ID:7	#L 8 1
117104387	ID:2	#L 3 0
117104921	ID:2	#L 0 1
119863896	ID:5	#L 1 0
