[17:21:33 - main] [Cooja.java:3172] [WARN] - JAVA_HOME environment variable not set, Cooja motes may not compile
[17:21:33 - main] [Cooja.java:2856] [INFO] - External tools default settings: /external_tools_linux_64.config
[17:21:33 - main] [Cooja.java:2886] [INFO] - External tools user settings: /home/user/.cooja.user.properties
[17:21:34 - main] [Simulation.java:422] [INFO] - Simulation random seed: -343440905299582894
[17:21:35 - main] [MspMote.java:235] [INFO] - Loading firmware from: /home/user/Experiments/blackhole-attack/with-malicious/motes/root.z1
[17:21:36 - main] [MspMote.java:235] [INFO] - Loading firmware from: /home/user/Experiments/blackhole-attack/with-malicious/motes/sensor.z1
[17:21:36 - main] [MspMote.java:235] [INFO] - Loading firmware from: /home/user/Experiments/blackhole-attack/with-malicious/motes/sensor.z1
[17:21:36 - main] [MspMote.java:235] [INFO] - Loading firmware from: /home/user/Experiments/blackhole-attack/with-malicious/motes/sensor.z1
[17:21:36 - main] [MspMote.java:235] [INFO] - Loading firmware from: /home/user/Experiments/blackhole-attack/with-malicious/motes/sensor.z1
[17:21:37 - main] [MspMote.java:235] [INFO] - Loading firmware from: /home/user/Experiments/blackhole-attack/with-malicious/motes/sensor.z1
[17:21:37 - main] [MspMote.java:235] [INFO] - Loading firmware from: /home/user/Experiments/blackhole-attack/with-malicious/motes/sensor.z1
[17:21:37 - main] [MspMote.java:235] [INFO] - Loading firmware from: /home/user/Experiments/blackhole-attack/with-malicious/motes/sensor.z1
[17:21:37 - main] [MspMote.java:235] [INFO] - Loading firmware from: /home/user/Experiments/blackhole-attack/with-malicious/motes/sensor.z1
[17:21:37 - main] [MspMote.java:235] [INFO] - Loading firmware from: /home/user/Experiments/blackhole-attack/with-malicious/motes/sensor.z1
[17:21:37 - main] [MspMote.java:235] [INFO] - Loading firmware from: /home/user/Experiments/blackhole-attack/with-malicious/motes/sensor.z1
[17:21:37 - main] [MspMote.java:235] [INFO] - Loading firmware from: /home/user/Experiments/blackhole-attack/with-malicious/motes/malicious.z1
[17:21:39 - main] [ScriptRunner.java:430] [INFO] - Test script deactivated
[17:21:40 - main] [LogScriptEngine.java:265] [INFO] - Script timeout in 120000 ms
[17:21:42 - main] [ScriptRunner.java:387] [INFO] - Test script activated
[17:21:42 - main] [Visualizer.java:256] [INFO] - Registered external visualizer: org.contikios.cooja.plugins.skins.DGRMVisualizerSkin
[17:21:42 - main] [VisualizerScreenshot.java:79] [INFO] - Starting visualizer screenshot
[17:21:43 - main] [PcapExporter.java:36] [INFO] - Opened pcap file /home/user/Experiments/blackhole-attack/with-malicious/data/output.pcap
[17:21:43 - main] [TimeLine.java:567] [INFO] - Zoom level: 500.0 microseconds/pixel 
[17:21:43 - Thread-3] [Simulation.java:253] [INFO] - Simulation main loop started, system time: 1541780503467
[17:21:52 - Thread-3] [LogScriptEngine.java:389] [INFO] - Test script at 5.00%, done in 205.2 sec
[17:22:01 - Thread-3] [LogScriptEngine.java:389] [INFO] - Test script at 10.00%, done in 178.7 sec
[17:22:07 - Thread-3] [LogScriptEngine.java:389] [INFO] - Test script at 15.00%, done in 146.4 sec
[17:22:14 - Thread-3] [LogScriptEngine.java:389] [INFO] - Test script at 20.00%, done in 130.9 sec
[17:22:20 - Thread-3] [LogScriptEngine.java:389] [INFO] - Test script at 25.00%, done in 113.8 sec
[17:22:22 - Thread-3] [LogScriptEngine.java:389] [INFO] - Test script at 30.00%, done in 94.2 sec
[17:22:28 - Thread-3] [LogScriptEngine.java:389] [INFO] - Test script at 35.00%, done in 85.3 sec
[17:22:29 - Thread-3] [LogScriptEngine.java:389] [INFO] - Test script at 40.00%, done in 70.6 sec
[17:22:35 - Thread-3] [LogScriptEngine.java:389] [INFO] - Test script at 45.00%, done in 65.0 sec
[17:22:36 - Thread-3] [LogScriptEngine.java:389] [INFO] - Test script at 50.00%, done in 54.8 sec
[17:22:38 - Thread-3] [LogScriptEngine.java:389] [INFO] - Test script at 55.00%, done in 46.3 sec
[17:22:45 - Thread-3] [LogScriptEngine.java:389] [INFO] - Test script at 60.00%, done in 42.6 sec
[17:22:48 - Thread-3] [LogScriptEngine.java:389] [INFO] - Test script at 65.00%, done in 36.0 sec
[17:22:53 - Thread-3] [LogScriptEngine.java:389] [INFO] - Test script at 70.00%, done in 30.6 sec
[17:22:54 - Thread-3] [LogScriptEngine.java:389] [INFO] - Test script at 75.00%, done in 24.1 sec
[17:22:55 - Thread-3] [LogScriptEngine.java:389] [INFO] - Test script at 80.00%, done in 18.3 sec
[17:23:01 - Thread-3] [LogScriptEngine.java:389] [INFO] - Test script at 85.00%, done in 14.0 sec
[17:23:02 - Thread-3] [LogScriptEngine.java:389] [INFO] - Test script at 90.00%, done in 8.9 sec
[17:23:05 - Thread-3] [LogScriptEngine.java:389] [INFO] - Test script at 95.00%, done in 4.4 sec
[17:23:06 - Thread-3] [LogScriptEngine.java:375] [INFO] - Timeout event @ 120000000
[17:23:06 - Thread-3] [Simulation.java:312] [INFO] - Simulation main loop stopped, system time: 1541780586771	Duration: 83304 ms	Simulated time 120004 ms	Ratio 1.4405550753865362
[17:23:06 - Thread-2] [LogScriptEngine.java:309] [INFO] - Test script finished
